<?xml version="1.0" encoding="UTF-8"?>
<!-- Generated by org.testng.reporters.JUnitReportReporter -->
<testsuite hostname="ibraheem" failures="0" tests="3" name="almosafer.tests" time="1.180" errors="0" timestamp="2023-12-06T03:10:21 EET" skipped="0">
  <testcase classname="almosafer.tests" name="tochecklanguege" time="0.138"/>
  <system-out/>
  <testcase classname="almosafer.tests" name="tocheckcurrency" time="0.124"/>
  <system-out/>
  <testcase classname="almosafer.tests" name="checkcontractnumber" time="0.918"/>
  <system-out/>
</testsuite> <!-- almosafer.tests -->
