<?xml version="1.0" encoding="UTF-8"?>
<!-- Generated by org.testng.reporters.JUnitReportReporter -->
<testsuite hostname="ibraheem" failures="0" tests="7" name="almosafer.tests" time="30.309" errors="0" timestamp="2023-12-08T03:19:36 EET" skipped="6">
  <testcase classname="almosafer.tests" name="Hotels" time="30.309"/>
  <system-out/>
  <testcase classname="almosafer.tests" name="Hotels_search_tab_isnot_selected_bydefault">
    <skipped/>
  </testcase> <!-- Hotels_search_tab_isnot_selected_bydefault -->
  <system-out/>
  <testcase classname="almosafer.tests" name="checkcontractnumber">
    <skipped/>
  </testcase> <!-- checkcontractnumber -->
  <system-out/>
  <testcase classname="almosafer.tests" name="tocheckcurrency">
    <skipped/>
  </testcase> <!-- tocheckcurrency -->
  <system-out/>
  <testcase classname="almosafer.tests" name="tochecklogoinfooter">
    <skipped/>
  </testcase> <!-- tochecklogoinfooter -->
  <system-out/>
  <testcase classname="almosafer.tests" name="random_method_tochange_language">
    <skipped/>
  </testcase> <!-- random_method_tochange_language -->
  <system-out/>
  <testcase classname="almosafer.tests" name="tochecklanguege">
    <skipped/>
  </testcase> <!-- tochecklanguege -->
  <system-out/>
</testsuite> <!-- almosafer.tests -->
