<?xml version="1.0" encoding="UTF-8"?>
<!-- Generated by org.testng.reporters.JUnitReportReporter -->
<testsuite hostname="ibraheem" failures="0" tests="2" name="almosafer.tests" time="1.105" errors="0" timestamp="2023-12-06T02:21:39 EET" skipped="0">
  <testcase classname="almosafer.tests" name="tochecklanguege" time="0.725"/>
  <system-out/>
  <testcase classname="almosafer.tests" name="tocheckcurrency" time="0.380"/>
  <system-out/>
</testsuite> <!-- almosafer.tests -->
